\BOOKMARK [1][-]{section.1}{\376\377\000E\000i\000n\000f\000\374\000h\000r\000u\000n\000g}{}% 1
\BOOKMARK [1][-]{section.2}{\376\377\000P\000h\000y\000s\000i\000k\000a\000l\000i\000s\000c\000h\000e\000\040\000G\000r\000u\000n\000d\000l\000a\000g\000e\000n}{}% 2
\BOOKMARK [2][-]{subsection.2.1}{\376\377\000E\000n\000e\000r\000g\000i\000e\000n\000i\000v\000e\000a\000u\000s\000\040\000i\000m\000\040\000R\000u\000b\000i\000n\000k\000r\000i\000s\000t\000a\000l\000l}{section.2}% 3
\BOOKMARK [2][-]{subsection.2.2}{\376\377\000O\000p\000t\000i\000s\000c\000h\000e\000\040\000\334\000b\000e\000r\000g\000\344\000n\000g\000e\000\040\000i\000m\000\040\000R\000u\000b\000i\000n}{section.2}% 4
\BOOKMARK [2][-]{subsection.2.3}{\376\377\000T\000a\000n\000a\000b\000e\000-\000S\000u\000g\000a\000n\000o\000-\000D\000i\000a\000g\000r\000a\000m\000m\000e}{section.2}% 5
\BOOKMARK [1][-]{section.3}{\376\377\000V\000e\000r\000s\000u\000c\000h\000s\000a\000u\000f\000b\000a\000u}{}% 6
\BOOKMARK [1][-]{section.4}{\376\377\000V\000e\000r\000s\000u\000c\000h\000s\000d\000u\000r\000c\000h\000f\000\374\000h\000r\000u\000n\000g}{}% 7
\BOOKMARK [2][-]{subsection.4.1}{\376\377\040\034\000B\000a\000s\000i\000s\000l\000i\000n\000i\000e\040\035\000\040\000d\000e\000r\000\040\000A\000p\000p\000a\000r\000a\000t\000u\000r}{section.4}% 8
\BOOKMARK [2][-]{subsection.4.2}{\376\377\000D\000i\000f\000f\000e\000r\000e\000n\000z\000s\000p\000e\000k\000t\000r\000u\000m\000\040\000d\000e\000r\000\040\000b\000e\000i\000d\000e\000n\000\040\000S\000t\000r\000a\000h\000l\000e\000n\000g\000\344\000n\000g\000e}{section.4}% 9
\BOOKMARK [2][-]{subsection.4.3}{\376\377\000I\000n\000t\000e\000n\000s\000i\000t\000\344\000t\000s\000s\000p\000e\000k\000t\000r\000u\000m\000\040\000d\000e\000r\000\040\000X\000e\000-\000H\000o\000c\000h\000d\000r\000u\000c\000k\000l\000a\000m\000p\000e}{section.4}% 10
\BOOKMARK [2][-]{subsection.4.4}{\376\377\000I\000n\000t\000e\000n\000s\000i\000t\000\344\000t\000s\000s\000p\000e\000k\000t\000r\000u\000m\000\040\000v\000o\000n\000\040\000S\000t\000r\000a\000h\000l\000e\000n\000g\000a\000n\000g\000\040\0001\000\040\000m\000i\000t\000\040\000R\000u\000b\000i\000n\000\040\000a\000l\000l\000e\000i\000n}{section.4}% 11
\BOOKMARK [2][-]{subsection.4.5}{\376\377\000D\000i\000f\000f\000e\000r\000e\000n\000z\000s\000p\000e\000k\000t\000r\000u\000m\000\040\000\050\000h\000\366\000h\000e\000r\000e\000\040\000E\000m\000p\000f\000i\000n\000d\000l\000i\000c\000h\000k\000e\000i\000t\000\051}{section.4}% 12
\BOOKMARK [2][-]{subsection.4.6}{\376\377\000I\000n\000t\000e\000n\000s\000i\000t\000\344\000t\000s\000s\000p\000e\000k\000t\000r\000u\000m\000\040\000X\000e\000-\000H\000o\000c\000h\000d\000r\000u\000c\000k\000l\000a\000m\000p\000e\000\040\000\050\000h\000\366\000h\000e\000r\000e\000\040\000E\000m\000p\000f\000i\000n\000d\000l\000i\000c\000h\000k\000e\000i\000t\000\051}{section.4}% 13
\BOOKMARK [2][-]{subsection.4.7}{\376\377\000I\000n\000t\000e\000n\000s\000i\000t\000\344\000t\000s\000s\000p\000e\000k\000t\000r\000u\000m\000\040\000v\000o\000n\000\040\000S\000t\000r\000a\000h\000l\000e\000n\000g\000a\000n\000g\000\040\0001\000\040\000m\000i\000t\000\040\000R\000u\000b\000i\000n\000\040\000a\000l\000l\000e\000i\000n\000\040\000\050\000h\000\366\000h\000e\000r\000e\000\040\000E\000m\000p\000f\000i\000n\000d\000l\000i\000c\000h\000k\000e\000i\000t\000\051}{section.4}% 14
\BOOKMARK [2][-]{subsection.4.8}{\376\377\000D\000i\000f\000f\000e\000r\000e\000n\000z\000s\000p\000e\000k\000t\000r\000u\000m\000\040\000h\000\366\000h\000e\000r\000e\000\040\000E\000m\000p\000f\000i\000n\000d\000l\000i\000c\000h\000k\000e\000i\000t\000\040\000\050\000W\000i\000e\000d\000e\000r\000h\000o\000l\000u\000n\000g\000\051}{section.4}% 15
\BOOKMARK [2][-]{subsection.4.9}{\376\377\000H\000g\000\040\000S\000p\000e\000k\000t\000r\000u\000m}{section.4}% 16
\BOOKMARK [2][-]{subsection.4.10}{\376\377\000D\000i\000f\000f\000e\000r\000e\000n\000z\000s\000p\000e\000k\000t\000r\000u\000m\000\040\000\050\000W\000i\000e\000d\000e\000r\000h\000o\000l\000u\000n\000g\000\051}{section.4}% 17
\BOOKMARK [1][-]{section.5}{\376\377\000A\000u\000s\000w\000e\000r\000t\000u\000n\000g}{}% 18
\BOOKMARK [2][-]{subsection.5.1}{\376\377\000K\000a\000l\000i\000b\000r\000i\000e\000r\000u\000n\000g\000\040\000m\000i\000t\000h\000i\000l\000f\000e\000\040\000e\000i\000n\000e\000r\000\040\000H\000g\000-\000L\000a\000m\000p\000e}{section.5}% 19
\BOOKMARK [2][-]{subsection.5.2}{\376\377\000I\000n\000t\000e\000n\000s\000i\000t\000\344\000t\000s\000s\000p\000e\000k\000t\000r\000e\000n\000\040\000d\000e\000r\000\040\000A\000u\000f\000n\000a\000h\000m\000e\000n\000\040\000v\000e\000r\000a\000r\000b\000e\000i\000t\000e\000n}{section.5}% 20
\BOOKMARK [2][-]{subsection.5.3}{\376\377\000A\000b\000s\000o\000r\000p\000t\000i\000o\000n\000s\000s\000p\000e\000k\000t\000r\000u\000m\000\040\000R\000u\000b\000i\000n}{section.5}% 21
\BOOKMARK [2][-]{subsection.5.4}{\376\377\000T\000a\000n\000a\000b\000e\000-\000S\000u\000g\000a\000n\000o\000-\000D\000i\000a\000g\000r\000a\000m\000m\000\040\000u\000n\000d\000\040\0001\000D\000q\000-\000B\000e\000s\000t\000i\000m\000m\000u\000n\000g}{section.5}% 22
\BOOKMARK [1][-]{section.6}{\376\377\000D\000i\000s\000k\000u\000s\000s\000i\000o\000n}{}% 23
\BOOKMARK [2][-]{subsection.6.1}{\376\377\000K\000a\000l\000i\000b\000r\000i\000e\000r\000u\000n\000g\000\040\000u\000n\000d\000\040\000K\000o\000n\000s\000i\000s\000t\000e\000n\000z\000\040\000d\000e\000r\000\040\000S\000p\000e\000k\000t\000r\000e\000n}{section.6}% 24
\BOOKMARK [2][-]{subsection.6.2}{\376\377\000A\000b\000s\000o\000r\000p\000t\000i\000o\000n\000s\000b\000\344\000n\000d\000e\000r\000\040\000u\000n\000d\000\040\000B\000e\000s\000t\000i\000m\000m\000u\000n\000g\000\040\000v\000o\000n\000\040\0001\0000\000D\000q}{section.6}% 25
